#
# There is insufficient memory for the Java Runtime Environment to continue.
# Native memory allocation (mmap) failed to map 4194304 bytes for G1 virtual space
# Possible reasons:
#   The system is out of physical RAM or swap space
#   The process is running with CompressedOops enabled, and the Java Heap may be blocking the growth of the native heap
# Possible solutions:
#   Reduce memory load on the system
#   Increase physical memory or swap space
#   Check if swap backing store is full
#   Decrease Java heap size (-Xmx/-Xms)
#   Decrease number of Java threads
#   Decrease Java thread stack sizes (-Xss)
#   Set larger code cache with -XX:ReservedCodeCacheSize=
#   JVM is running with Zero Based Compressed Oops mode in which the Java heap is
#     placed in the first 32GB address space. The Java Heap base address is the
#     maximum limit for the native heap growth. Please use -XX:HeapBaseMinAddress
#     to set the Java Heap base and to place the Java Heap above 32GB virtual address.
# This output file may be truncated or incomplete.
#
#  Out of Memory Error (os_windows.cpp:3771), pid=15396, tid=12168
#
# JRE version:  (17.0.7) (build )
# Java VM: OpenJDK 64-Bit Server VM (17.0.7+0-b2043.56-10550314, mixed mode, sharing, tiered, compressed oops, compressed class ptrs, g1 gc, windows-amd64)
# No core dump will be written. Minidumps are not enabled by default on client versions of Windows
#

---------------  S U M M A R Y ------------

Command Line: org.jetbrains.kotlin.cli.jvm.K2JVMCompiler @D:\hakatonEZ\app\build\20240414_12193300394078647620.compiler.options

Host: Intel(R) Xeon(R) CPU E5-2660 v3 @ 2.60GHz, 20 cores, 15G,  Windows 10 , 64 bit Build 19041 (10.0.19041.3636)
Time: Sun Apr 14 06:44:41 2024 RTZ 2 (s 10 , 64 bit Build 19041 (10.0.19041.3636) elapsed time: 0.011347 seconds (0d 0h 0m 0s)

---------------  T H R E A D  ---------------

Current thread (0x000001ea38161e90):  JavaThread "Unknown thread" [_thread_in_vm, id=12168, stack(0x0000006c84b00000,0x0000006c84c00000)]

Stack: [0x0000006c84b00000,0x0000006c84c00000]
Native frames: (J=compiled Java code, j=interpreted, Vv=VM code, C=native code)
V  [jvm.dll+0x683bfa]
V  [jvm.dll+0x8430a4]
V  [jvm.dll+0x8449be]
V  [jvm.dll+0x845023]
V  [jvm.dll+0x24ad2f]
V  [jvm.dll+0x680ac9]
V  [jvm.dll+0x67519a]
V  [jvm.dll+0x30b3cb]
V  [jvm.dll+0x312876]
V  [jvm.dll+0x362233]
V  [jvm.dll+0x36244f]
V  [jvm.dll+0x2e14a8]
V  [jvm.dll+0x2e2414]
V  [jvm.dll+0x814391]
V  [jvm.dll+0x36ffe1]
V  [jvm.dll+0x7f396c]
V  [jvm.dll+0x3f305f]
V  [jvm.dll+0x3f4b91]
C  [jli.dll+0x528f]
C  [ucrtbase.dll+0x21bb2]
C  [KERNEL32.DLL+0x17344]
C  [ntdll.dll+0x526b1]


---------------  P R O C E S S  ---------------

Threads class SMR info:
_java_thread_list=0x00007ffd9fc7d098, length=0, elements={
}

Java Threads: ( => current thread )

Other Threads:
  0x000001ea381cf360 GCTaskThread "GC Thread#0" [stack: 0x0000006c84c00000,0x0000006c84d00000] [id=15124]
  0x000001ea381e1040 ConcurrentGCThread "G1 Main Marker" [stack: 0x0000006c84d00000,0x0000006c84e00000] [id=4408]
  0x000001ea381e2100 ConcurrentGCThread "G1 Conc#0" [stack: 0x0000006c84e00000,0x0000006c84f00000] [id=18392]

[error occurred during error reporting (printing all threads), id 0xc0000005, EXCEPTION_ACCESS_VIOLATION (0xc0000005) at pc=0x00007ffd9f432087]

VM state: not at safepoint (not fully initialized)

VM Mutex/Monitor currently owned by a thread:  ([mutex/lock_event])
[0x000001ea3815c610] Heap_lock - owner thread: 0x000001ea38161e90

Heap address: 0x0000000701800000, size: 4072 MB, Compressed Oops mode: Zero based, Oop shift amount: 3

CDS archive(s) mapped at: [0x0000000000000000-0x0000000000000000-0x0000000000000000), size 0, SharedBaseAddress: 0x0000000800000000, ArchiveRelocationMode: 0.
Narrow klass base: 0x0000000000000000, Narrow klass shift: 0, Narrow klass range: 0x0

GC Precious Log:
<Empty>

Heap:
 garbage-first heap   total 0K, used 0K [0x0000000701800000, 0x0000000800000000)
  region size 2048K, 0 young (0K), 0 survivors (0K)
 Metaspace       used 0K, committed 0K, reserved 0K
  class space    used 0K, committed 0K, reserved 0K

Heap Regions: E=young(eden), S=young(survivor), O=old, HS=humongous(starts), HC=humongous(continues), CS=collection set, F=free, OA=open archive, CA=closed archive, TAMS=top-at-mark-start (previous, next)

Card table byte_map: [0x000001ea4b8f0000,0x000001ea4c0f0000] _byte_map_base: 0x000001ea480e4000

Marking Bits (Prev, Next): (CMBitMap*) 0x000001ea381d0890, (CMBitMap*) 0x000001ea381d08d0
 Prev Bits: [0x000001ea4c8f0000, 0x000001ea50890000)
 Next Bits: [0x000001ea50890000, 0x000001ea54830000)

GC Heap History (0 events):
No events

Dll operation events (1 events):
Event: 0.007 Loaded shared library E:\Android\jbr\bin\java.dll

Deoptimization events (0 events):
No events

Classes unloaded (0 events):
No events

Classes redefined (0 events):
No events

Internal exceptions (0 events):
No events

VM Operations (0 events):
No events

Events (0 events):
No events


Dynamic libraries:
0x00007ff7ef880000 - 0x00007ff7ef88a000 	E:\Android\jbr\bin\java.exe
0x00007ffdde630000 - 0x00007ffdde828000 	C:\WINDOWS\SYSTEM32\ntdll.dll
0x00007ffdde4c0000 - 0x00007ffdde57d000 	C:\WINDOWS\System32\KERNEL32.DLL
0x00007ffddbf00000 - 0x00007ffddc1f6000 	C:\WINDOWS\System32\KERNELBASE.dll
0x00007ffddbce0000 - 0x00007ffddbde0000 	C:\WINDOWS\System32\ucrtbase.dll
0x00007ffdcdc80000 - 0x00007ffdcdc97000 	E:\Android\jbr\bin\jli.dll
0x00007ffdd3510000 - 0x00007ffdd352b000 	E:\Android\jbr\bin\VCRUNTIME140.dll
0x00007ffdde320000 - 0x00007ffdde4be000 	C:\WINDOWS\System32\USER32.dll
0x00007ffddc5a0000 - 0x00007ffddc5c2000 	C:\WINDOWS\System32\win32u.dll
0x00007ffddd7d0000 - 0x00007ffddd7fb000 	C:\WINDOWS\System32\GDI32.dll
0x00007ffddb0b0000 - 0x00007ffddb34a000 	C:\WINDOWS\WinSxS\amd64_microsoft.windows.common-controls_6595b64144ccf1df_6.0.19041.3636_none_60b6a03d71f818d5\COMCTL32.dll
0x00007ffddc2b0000 - 0x00007ffddc3c7000 	C:\WINDOWS\System32\gdi32full.dll
0x00007ffddd800000 - 0x00007ffddd89e000 	C:\WINDOWS\System32\msvcrt.dll
0x00007ffddbde0000 - 0x00007ffddbe7d000 	C:\WINDOWS\System32\msvcp_win.dll
0x00007ffddcc00000 - 0x00007ffddcc32000 	C:\WINDOWS\System32\IMM32.DLL
0x00007ffdd42a0000 - 0x00007ffdd42ac000 	E:\Android\jbr\bin\vcruntime140_1.dll
0x00007ffdb1300000 - 0x00007ffdb138d000 	E:\Android\jbr\bin\msvcp140.dll
0x00007ffd9f140000 - 0x00007ffd9fdc0000 	E:\Android\jbr\bin\server\jvm.dll
0x00007ffddde00000 - 0x00007ffdddeb0000 	C:\WINDOWS\System32\ADVAPI32.dll
0x00007ffddcfb0000 - 0x00007ffddd050000 	C:\WINDOWS\System32\sechost.dll
0x00007ffddcc40000 - 0x00007ffddcd65000 	C:\WINDOWS\System32\RPCRT4.dll
0x00007ffddbed0000 - 0x00007ffddbef7000 	C:\WINDOWS\System32\bcrypt.dll
0x00007ffdd8ef0000 - 0x00007ffdd8ef9000 	C:\WINDOWS\SYSTEM32\WSOCK32.dll
0x00007ffdcf560000 - 0x00007ffdcf587000 	C:\WINDOWS\SYSTEM32\WINMM.dll
0x00007ffdd5f20000 - 0x00007ffdd5f2a000 	C:\WINDOWS\SYSTEM32\VERSION.dll
0x00007ffdde2b0000 - 0x00007ffdde31b000 	C:\WINDOWS\System32\WS2_32.dll
0x00007ffdd9540000 - 0x00007ffdd9552000 	C:\WINDOWS\SYSTEM32\kernel.appcore.dll
0x00007ffdcf590000 - 0x00007ffdcf59a000 	E:\Android\jbr\bin\jimage.dll
0x00007ffddb4a0000 - 0x00007ffddb684000 	C:\WINDOWS\SYSTEM32\DBGHELP.DLL
0x00007ffddb460000 - 0x00007ffddb494000 	C:\WINDOWS\SYSTEM32\dbgcore.DLL
0x00007ffddc5d0000 - 0x00007ffddc652000 	C:\WINDOWS\System32\bcryptPrimitives.dll
0x00007ffdce110000 - 0x00007ffdce135000 	E:\Android\jbr\bin\java.dll

dbghelp: loaded successfully - version: 4.0.5 - missing functions: none
symbol engine: initialized successfully - sym options: 0x614 - pdb path: .;E:\Android\jbr\bin;C:\WINDOWS\SYSTEM32;C:\WINDOWS\WinSxS\amd64_microsoft.windows.common-controls_6595b64144ccf1df_6.0.19041.3636_none_60b6a03d71f818d5;E:\Android\jbr\bin\server

VM Arguments:
java_command: org.jetbrains.kotlin.cli.jvm.K2JVMCompiler @D:\hakatonEZ\app\build\20240414_12193300394078647620.compiler.options
java_class_path (initial): C:\Users\Maxim\.gradle\caches\modules-2\files-2.1\org.jetbrains.kotlin\kotlin-compiler-embeddable\1.9.22\9cd4dc7773cf2a99ecd961a88fbbc9a2da3fb5e1\kotlin-compiler-embeddable-1.9.22.jar;C:\Users\Maxim\.gradle\caches\modules-2\files-2.1\org.jetbrains.kotlin\kotlin-stdlib\1.9.22\d6c44cd08d8f3f9bece8101216dbe6553365c6e3\kotlin-stdlib-1.9.22.jar;C:\Users\Maxim\.gradle\caches\modules-2\files-2.1\org.jetbrains.kotlin\kotlin-script-runtime\1.9.22\f8139a46fc677ec9badc49ae954392f4f5e7e7c7\kotlin-script-runtime-1.9.22.jar;C:\Users\Maxim\.gradle\caches\modules-2\files-2.1\org.jetbrains.kotlin\kotlin-reflect\1.6.10\1cbe9c92c12a94eea200d23c2bbaedaf3daf5132\kotlin-reflect-1.6.10.jar;C:\Users\Maxim\.gradle\caches\modules-2\files-2.1\org.jetbrains.kotlin\kotlin-daemon-embeddable\1.9.22\20e2c5df715f3240c765cfc222530e2796542021\kotlin-daemon-embeddable-1.9.22.jar;C:\Users\Maxim\.gradle\caches\modules-2\files-2.1\org.jetbrains.intellij.deps\trove4j\1.0.20200330\3afb14d5f9ceb459d724e907a21145e8ff394f02\trove4j-1.0.20200330.jar;C:\Users\Maxim\.gradle\caches\modules-2\files-2.1\org.jetbrains\annotations\13.0\919f0dfe192fb4e063e7dacadee7f8bb9a2672a9\annotations-13.0.jar
Launcher Type: SUN_STANDARD

[Global flags]
     intx CICompilerCount                          = 12                                        {product} {ergonomic}
     uint ConcGCThreads                            = 4                                         {product} {ergonomic}
     uint G1ConcRefinementThreads                  = 15                                        {product} {ergonomic}
   size_t G1HeapRegionSize                         = 2097152                                   {product} {ergonomic}
    uintx GCDrainStackTargetSize                   = 64                                        {product} {ergonomic}
   size_t InitialHeapSize                          = 268435456                                 {product} {ergonomic}
   size_t MarkStackSize                            = 4194304                                   {product} {ergonomic}
   size_t MaxHeapSize                              = 4269801472                                {product} {ergonomic}
   size_t MinHeapDeltaBytes                        = 2097152                                   {product} {ergonomic}
   size_t MinHeapSize                              = 8388608                                   {product} {ergonomic}
    uintx NonNMethodCodeHeapSize                   = 7602480                                {pd product} {ergonomic}
    uintx NonProfiledCodeHeapSize                  = 122027880                              {pd product} {ergonomic}
    uintx ProfiledCodeHeapSize                     = 122027880                              {pd product} {ergonomic}
    uintx ReservedCodeCacheSize                    = 251658240                              {pd product} {ergonomic}
     bool SegmentedCodeCache                       = true                                      {product} {ergonomic}
   size_t SoftMaxHeapSize                          = 4269801472                             {manageable} {ergonomic}
     bool UseCompressedClassPointers               = true                           {product lp64_product} {ergonomic}
     bool UseCompressedOops                        = true                           {product lp64_product} {ergonomic}
     bool UseG1GC                                  = true                                      {product} {ergonomic}
     bool UseLargePagesIndividualAllocation        = false                                  {pd product} {ergonomic}

Logging:
Log output configuration:
 #0: stdout all=warning uptime,level,tags
 #1: stderr all=off uptime,level,tags

Environment Variables:
PATH=C:\Program Files (x86)\Common Files\Intel\Shared Libraries\redist\intel64\compiler;C:\Users\Maxim\AppData\Local\Programs\Python\Python312\Scripts;C:\Users\Maxim\AppData\Local\Programs\Python\Python312;C:\WINDOWS\system32;C:\WINDOWS;C:\WINDOWS\System32\Wbem;C:\WINDOWS\System32\WindowsPowerShell\v1.0\;C:\WINDOWS\System32\OpenSSH\;C:\Program Files (x86)\NVIDIA Corporation\PhysX\Common;C:\Program Files\dotnet\;C:\Program Files\Git\cmd;C:\Users\Maxim\AppData\Local\Programs\Python\Python312\Scripts;C:\Users\Maxim\AppData\Local\Programs\Python\Python312;C:\Users\Maxim\AppData\Local\Programs\Python\Launcher\;C:\Users\Maxim\AppData\Local\Programs\Microsoft VS Code\bin;C:\Users\Maxim\AppData\Local\Microsoft\WindowsApps;D:\Python\Python39\Scripts;D:\Python\Python39;
USERNAME=Maxim
OS=Windows_NT
PROCESSOR_IDENTIFIER=Intel64 Family 6 Model 63 Stepping 2, GenuineIntel
TMP=C:\Users\Maxim\AppData\Local\Temp
TEMP=C:\Users\Maxim\AppData\Local\Temp


JNI global refs:
JNI global refs: 0, weak refs: 0

JNI global refs memory usage: 0, weak refs: 0

OOME stack traces (most recent first):
Classloader memory used:


---------------  S Y S T E M  ---------------

OS:
 Windows 10 , 64 bit Build 19041 (10.0.19041.3636)
OS uptime: 2 days 19:11 hours

CPU: total 20 (initial active 20) (10 cores per cpu, 2 threads per core) family 6 model 63 stepping 2 microcode 0x43, cx8, cmov, fxsr, ht, mmx, sse, sse2, sse3, ssse3, sse4.1, sse4.2, popcnt, lzcnt, tsc, tscinvbit, avx, avx2, aes, erms, clmul, bmi1, bmi2, fma, vzeroupper, clflush

Memory: 4k page, system-wide physical 16284M (2227M free)
TotalPageFile size 24476M (AvailPageFile size 8M)
current process WorkingSet (physical memory assigned to process): 10M, peak: 10M
current process commit charge ("private bytes"): 331M, peak: 335M

vm_info: OpenJDK 64-Bit Server VM (17.0.7+0-b2043.56-10550314) for windows-amd64 JRE (17.0.7+0-b2043.56-10550314), built on Jul 24 2023 18:27:45 by "androidbuild" with MS VC++ 16.10 / 16.11 (VS2019)

END.
